# JRE version: OpenJDK Runtime Environment (8.0_151-b12) (build 1.8.0_151-8u151-b12-0ubuntu0.16.04.2-b12)
# Java VM: OpenJDK 64-Bit Server VM (25.151-b12 mixed mode linux-amd64 compressed oops)
Heap:
 PSYoungGen      total 132096K, used 3304K [0x00000000d6f80000, 0x00000000df580000, 0x0000000100000000)
  eden space 126976K, 0% used [0x00000000d6f80000,0x00000000d6f80000,0x00000000deb80000)
  from space 5120K, 64% used [0x00000000deb80000,0x00000000deeba040,0x00000000df080000)
  to   space 5120K, 0% used [0x00000000df080000,0x00000000df080000,0x00000000df580000)
 ParOldGen       total 84992K, used 536K [0x0000000084e00000, 0x000000008a100000, 0x00000000d6f80000)
  object space 84992K, 0% used [0x0000000084e00000,0x0000000084e862f0,0x000000008a100000)
 Metaspace       used 10873K, capacity 11074K, committed 11392K, reserved 1058816K
  class space    used 1286K, capacity 1343K, committed 1408K, reserved 1048576K
GC Heap History (9 events):
Event: 0,979 GC heap before
{Heap before GC invocations=1 (full 0):
 PSYoungGen      total 36864K, used 31744K [0x00000000d6f80000, 0x00000000d9880000, 0x0000000100000000)
  eden space 31744K, 100% used [0x00000000d6f80000,0x00000000d8e80000,0x00000000d8e80000)
  from space 5120K, 0% used [0x00000000d9380000,0x00000000d9380000,0x00000000d9880000)
  to   space 5120K, 0% used [0x00000000d8e80000,0x00000000d8e80000,0x00000000d9380000)
 ParOldGen       total 84992K, used 0K [0x0000000084e00000, 0x000000008a100000, 0x00000000d6f80000)
  object space 84992K, 0% used [0x0000000084e00000,0x0000000084e00000,0x000000008a100000)
 Metaspace       used 9702K, capacity 9826K, committed 9984K, reserved 1058816K
  class space    used 1195K, capacity 1247K, committed 1280K, reserved 1048576K
Event: 0,994 GC heap after
Heap after GC invocations=1 (full 0):
 PSYoungGen      total 36864K, used 5091K [0x00000000d6f80000, 0x00000000db780000, 0x0000000100000000)
  eden space 31744K, 0% used [0x00000000d6f80000,0x00000000d6f80000,0x00000000d8e80000)
  from space 5120K, 99% used [0x00000000d8e80000,0x00000000d9378fb8,0x00000000d9380000)
  to   space 5120K, 0% used [0x00000000db280000,0x00000000db280000,0x00000000db780000)
 ParOldGen       total 84992K, used 432K [0x0000000084e00000, 0x000000008a100000, 0x00000000d6f80000)
  object space 84992K, 0% used [0x0000000084e00000,0x0000000084e6c2e0,0x000000008a100000)
 Metaspace       used 9702K, capacity 9826K, committed 9984K, reserved 1058816K
  class space    used 1195K, capacity 1247K, committed 1280K, reserved 1048576K
}
Event: 1,261 GC heap before
{Heap before GC invocations=2 (full 0):
 PSYoungGen      total 36864K, used 36835K [0x00000000d6f80000, 0x00000000db780000, 0x0000000100000000)
  eden space 31744K, 100% used [0x00000000d6f80000,0x00000000d8e80000,0x00000000d8e80000)
  from space 5120K, 99% used [0x00000000d8e80000,0x00000000d9378fb8,0x00000000d9380000)
  to   space 5120K, 0% used [0x00000000db280000,0x00000000db280000,0x00000000db780000)
 ParOldGen       total 84992K, used 432K [0x0000000084e00000, 0x000000008a100000, 0x00000000d6f80000)
  object space 84992K, 0% used [0x0000000084e00000,0x0000000084e6c2e0,0x000000008a100000)
 Metaspace       used 10509K, capacity 10690K, committed 10880K, reserved 1058816K
  class space    used 1284K, capacity 1343K, committed 1408K, reserved 1048576K
Event: 1,281 GC heap after
Heap after GC invocations=2 (full 0):
 PSYoungGen      total 68608K, used 3100K [0x00000000d6f80000, 0x00000000db780000, 0x0000000100000000)
  eden space 63488K, 0% used [0x00000000d6f80000,0x00000000d6f80000,0x00000000dad80000)
  from space 5120K, 60% used [0x00000000db280000,0x00000000db587050,0x00000000db780000)
  to   space 5120K, 0% used [0x00000000dad80000,0x00000000dad80000,0x00000000db280000)
 ParOldGen       total 84992K, used 512K [0x0000000084e00000, 0x000000008a100000, 0x00000000d6f80000)
  object space 84992K, 0% used [0x0000000084e00000,0x0000000084e802f0,0x000000008a100000)
 Metaspace       used 10509K, capacity 10690K, committed 10880K, reserved 1058816K
  class space    used 1284K, capacity 1343K, committed 1408K, reserved 1048576K
}
Event: 1,518 GC heap before
{Heap before GC invocations=3 (full 0):
 PSYoungGen      total 68608K, used 66588K [0x00000000d6f80000, 0x00000000db780000, 0x0000000100000000)
  eden space 63488K, 100% used [0x00000000d6f80000,0x00000000dad80000,0x00000000dad80000)
  from space 5120K, 60% used [0x00000000db280000,0x00000000db587050,0x00000000db780000)
  to   space 5120K, 0% used [0x00000000dad80000,0x00000000dad80000,0x00000000db280000)
 ParOldGen       total 84992K, used 512K [0x0000000084e00000, 0x000000008a100000, 0x00000000d6f80000)
  object space 84992K, 0% used [0x0000000084e00000,0x0000000084e802f0,0x000000008a100000)
 Metaspace       used 10678K, capacity 10818K, committed 11136K, reserved 1058816K
  class space    used 1286K, capacity 1343K, committed 1408K, reserved 1048576K
Event: 1,532 GC heap after
Heap after GC invocations=3 (full 0):
 PSYoungGen      total 68608K, used 2796K [0x00000000d6f80000, 0x00000000df580000, 0x0000000100000000)
  eden space 63488K, 0% used [0x00000000d6f80000,0x00000000d6f80000,0x00000000dad80000)
  from space 5120K, 54% used [0x00000000dad80000,0x00000000db03b040,0x00000000db280000)
  to   space 5120K, 0% used [0x00000000df080000,0x00000000df080000,0x00000000df580000)
 ParOldGen       total 84992K, used 520K [0x0000000084e00000, 0x000000008a100000, 0x00000000d6f80000)
  object space 84992K, 0% used [0x0000000084e00000,0x0000000084e822f0,0x000000008a100000)
 Metaspace       used 10678K, capacity 10818K, committed 11136K, reserved 1058816K
  class space    used 1286K, capacity 1343K, committed 1408K, reserved 1048576K
}
Event: 1,597 GC heap before
{Heap before GC invocations=4 (full 0):
 PSYoungGen      total 68608K, used 66284K [0x00000000d6f80000, 0x00000000df580000, 0x0000000100000000)
  eden space 63488K, 100% used [0x00000000d6f80000,0x00000000dad80000,0x00000000dad80000)
  from space 5120K, 54% used [0x00000000dad80000,0x00000000db03b040,0x00000000db280000)
  to   space 5120K, 0% used [0x00000000df080000,0x00000000df080000,0x00000000df580000)
 ParOldGen       total 84992K, used 520K [0x0000000084e00000, 0x000000008a100000, 0x00000000d6f80000)
  object space 84992K, 0% used [0x0000000084e00000,0x0000000084e822f0,0x000000008a100000)
 Metaspace       used 10746K, capacity 10882K, committed 11136K, reserved 1058816K
  class space    used 1286K, capacity 1343K, committed 1408K, reserved 1048576K
Event: 1,620 GC heap after
Heap after GC invocations=4 (full 0):
 PSYoungGen      total 132096K, used 2956K [0x00000000d6f80000, 0x00000000df580000, 0x0000000100000000)
  eden space 126976K, 0% used [0x00000000d6f80000,0x00000000d6f80000,0x00000000deb80000)
  from space 5120K, 57% used [0x00000000df080000,0x00000000df363040,0x00000000df580000)
  to   space 5120K, 0% used [0x00000000deb80000,0x00000000deb80000,0x00000000df080000)
 ParOldGen       total 84992K, used 528K [0x0000000084e00000, 0x000000008a100000, 0x00000000d6f80000)
  object space 84992K, 0% used [0x0000000084e00000,0x0000000084e842f0,0x000000008a100000)
 Metaspace       used 10746K, capacity 10882K, committed 11136K, reserved 1058816K
  class space    used 1286K, capacity 1343K, committed 1408K, reserved 1048576K
}
Event: 1,882 GC heap before
{Heap before GC invocations=5 (full 0):
 PSYoungGen      total 132096K, used 129932K [0x00000000d6f80000, 0x00000000df580000, 0x0000000100000000)
  eden space 126976K, 100% used [0x00000000d6f80000,0x00000000deb80000,0x00000000deb80000)
  from space 5120K, 57% used [0x00000000df080000,0x00000000df363040,0x00000000df580000)
  to   space 5120K, 0% used [0x00000000deb80000,0x00000000deb80000,0x00000000df080000)
 ParOldGen       total 84992K, used 528K [0x0000000084e00000, 0x000000008a100000, 0x00000000d6f80000)
  object space 84992K, 0% used [0x0000000084e00000,0x0000000084e842f0,0x000000008a100000)
 Metaspace       used 10873K, capacity 11074K, committed 11392K, reserved 1058816K
  class space    used 1286K, capacity 1343K, committed 1408K, reserved 1048576K

